d:\myworks\github\assimp-skeletal-animation\assimpmodel\x64\debug\vc140.pdb
d:\myworks\github\assimp-skeletal-animation\assimpmodel\x64\debug\vc140.idb
d:\myworks\github\assimp-skeletal-animation\assimpmodel\x64\debug\game.obj
d:\myworks\github\assimp-skeletal-animation\assimpmodel\x64\debug\inputhandler.obj
d:\myworks\github\assimp-skeletal-animation\assimpmodel\x64\debug\main.obj
d:\myworks\github\assimp-skeletal-animation\assimpmodel\x64\debug\mesh.obj
d:\myworks\github\assimp-skeletal-animation\assimpmodel\x64\debug\model.obj
d:\myworks\github\assimp-skeletal-animation\assimpmodel\x64\debug\shader.obj
d:\myworks\github\assimp-skeletal-animation\assimpmodel\x64\debug\triangle.obj
d:\myworks\github\assimp-skeletal-animation\assimpmodel\x64\debug\image_dxt.obj
d:\myworks\github\assimp-skeletal-animation\x64\debug\assimpmodel.pdb
d:\myworks\github\assimp-skeletal-animation\assimpmodel\x64\debug\assimpmodel.tlog\cl.command.1.tlog
d:\myworks\github\assimp-skeletal-animation\assimpmodel\x64\debug\assimpmodel.tlog\cl.read.1.tlog
d:\myworks\github\assimp-skeletal-animation\assimpmodel\x64\debug\assimpmodel.tlog\cl.write.1.tlog
d:\myworks\github\assimp-skeletal-animation\assimpmodel\x64\debug\assimpmodel.tlog\link-cvtres.read.1.tlog
d:\myworks\github\assimp-skeletal-animation\assimpmodel\x64\debug\assimpmodel.tlog\link-cvtres.write.1.tlog
d:\myworks\github\assimp-skeletal-animation\assimpmodel\x64\debug\assimpmodel.tlog\link-rc.read.1.tlog
d:\myworks\github\assimp-skeletal-animation\assimpmodel\x64\debug\assimpmodel.tlog\link-rc.write.1.tlog
d:\myworks\github\assimp-skeletal-animation\assimpmodel\x64\debug\assimpmodel.tlog\link.command.1.tlog
d:\myworks\github\assimp-skeletal-animation\assimpmodel\x64\debug\assimpmodel.tlog\link.read.1.tlog
d:\myworks\github\assimp-skeletal-animation\assimpmodel\x64\debug\assimpmodel.tlog\link.write.1.tlog
